Performing C SOURCE FILE Test CMAKE_HAVE_LIBC_PTHREAD failed with the following output:
Change Dir: /home/laureano/Documents/FEUP 2019-2020/AEDA/Prática 07 - (Árvores)/aeda1920_fp07/cmake-build-debug/CMakeFiles/CMakeTmp

Run Build Command(s):/usr/bin/make cmTC_feebc/fast && /usr/bin/make -f CMakeFiles/cmTC_feebc.dir/build.make CMakeFiles/cmTC_feebc.dir/build
make[1]: Entering directory '/home/laureano/Documents/FEUP 2019-2020/AEDA/Prática 07 - (Árvores)/aeda1920_fp07/cmake-build-debug/CMakeFiles/CMakeTmp'
Building C object CMakeFiles/cmTC_feebc.dir/src.c.o
/usr/bin/cc   -DCMAKE_HAVE_LIBC_PTHREAD   -o CMakeFiles/cmTC_feebc.dir/src.c.o   -c "/home/laureano/Documents/FEUP 2019-2020/AEDA/Prática 07 - (Árvores)/aeda1920_fp07/cmake-build-debug/CMakeFiles/CMakeTmp/src.c"
Linking C executable cmTC_feebc
/snap/clion/98/bin/cmake/linux/bin/cmake -E cmake_link_script CMakeFiles/cmTC_feebc.dir/link.txt --verbose=1
/usr/bin/cc  -DCMAKE_HAVE_LIBC_PTHREAD    -rdynamic CMakeFiles/cmTC_feebc.dir/src.c.o  -o cmTC_feebc 
CMakeFiles/cmTC_feebc.dir/src.c.o: In function `main':
src.c:(.text+0x3c): undefined reference to `pthread_create'
src.c:(.text+0x48): undefined reference to `pthread_detach'
src.c:(.text+0x59): undefined reference to `pthread_join'
src.c:(.text+0x6d): undefined reference to `pthread_atfork'
collect2: error: ld returned 1 exit status
CMakeFiles/cmTC_feebc.dir/build.make:86: recipe for target 'cmTC_feebc' failed
make[1]: *** [cmTC_feebc] Error 1
make[1]: Leaving directory '/home/laureano/Documents/FEUP 2019-2020/AEDA/Prática 07 - (Árvores)/aeda1920_fp07/cmake-build-debug/CMakeFiles/CMakeTmp'
Makefile:121: recipe for target 'cmTC_feebc/fast' failed
make: *** [cmTC_feebc/fast] Error 2


Source file was:
#include <pthread.h>

void* test_func(void* data)
{
  return data;
}

int main(void)
{
  pthread_t thread;
  pthread_create(&thread, NULL, test_func, NULL);
  pthread_detach(thread);
  pthread_join(thread, NULL);
  pthread_atfork(NULL, NULL, NULL);
  pthread_exit(NULL);

  return 0;
}

Determining if the function pthread_create exists in the pthreads failed with the following output:
Change Dir: /home/laureano/Documents/FEUP 2019-2020/AEDA/Prática 07 - (Árvores)/aeda1920_fp07/cmake-build-debug/CMakeFiles/CMakeTmp

Run Build Command(s):/usr/bin/make cmTC_19d51/fast && /usr/bin/make -f CMakeFiles/cmTC_19d51.dir/build.make CMakeFiles/cmTC_19d51.dir/build
make[1]: Entering directory '/home/laureano/Documents/FEUP 2019-2020/AEDA/Prática 07 - (Árvores)/aeda1920_fp07/cmake-build-debug/CMakeFiles/CMakeTmp'
Building C object CMakeFiles/cmTC_19d51.dir/CheckFunctionExists.c.o
/usr/bin/cc   -DCHECK_FUNCTION_EXISTS=pthread_create   -o CMakeFiles/cmTC_19d51.dir/CheckFunctionExists.c.o   -c /snap/clion/98/bin/cmake/linux/share/cmake-3.15/Modules/CheckFunctionExists.c
Linking C executable cmTC_19d51
/snap/clion/98/bin/cmake/linux/bin/cmake -E cmake_link_script CMakeFiles/cmTC_19d51.dir/link.txt --verbose=1
/usr/bin/cc  -DCHECK_FUNCTION_EXISTS=pthread_create    -rdynamic CMakeFiles/cmTC_19d51.dir/CheckFunctionExists.c.o  -o cmTC_19d51 -lpthreads 
/usr/bin/ld: cannot find -lpthreads
collect2: error: ld returned 1 exit status
CMakeFiles/cmTC_19d51.dir/build.make:86: recipe for target 'cmTC_19d51' failed
make[1]: *** [cmTC_19d51] Error 1
make[1]: Leaving directory '/home/laureano/Documents/FEUP 2019-2020/AEDA/Prática 07 - (Árvores)/aeda1920_fp07/cmake-build-debug/CMakeFiles/CMakeTmp'
Makefile:121: recipe for target 'cmTC_19d51/fast' failed
make: *** [cmTC_19d51/fast] Error 2



