Performing C SOURCE FILE Test CMAKE_HAVE_LIBC_PTHREAD failed with the following output:
Change Dir: /home/laureano/Documents/FEUP 2019-2020/AEDA/Prática 04/aeda1920_fp04/cmake-build-debug/CMakeFiles/CMakeTmp

Run Build Command(s):/usr/bin/make cmTC_d987e/fast && /usr/bin/make -f CMakeFiles/cmTC_d987e.dir/build.make CMakeFiles/cmTC_d987e.dir/build
make[1]: Entering directory '/home/laureano/Documents/FEUP 2019-2020/AEDA/Prática 04/aeda1920_fp04/cmake-build-debug/CMakeFiles/CMakeTmp'
Building C object CMakeFiles/cmTC_d987e.dir/src.c.o
/usr/bin/cc   -DCMAKE_HAVE_LIBC_PTHREAD   -o CMakeFiles/cmTC_d987e.dir/src.c.o   -c "/home/laureano/Documents/FEUP 2019-2020/AEDA/Prática 04/aeda1920_fp04/cmake-build-debug/CMakeFiles/CMakeTmp/src.c"
Linking C executable cmTC_d987e
/snap/clion/88/bin/cmake/linux/bin/cmake -E cmake_link_script CMakeFiles/cmTC_d987e.dir/link.txt --verbose=1
/usr/bin/cc  -DCMAKE_HAVE_LIBC_PTHREAD    -rdynamic CMakeFiles/cmTC_d987e.dir/src.c.o  -o cmTC_d987e 
CMakeFiles/cmTC_d987e.dir/src.c.o: In function `main':
src.c:(.text+0x3c): undefined reference to `pthread_create'
src.c:(.text+0x48): undefined reference to `pthread_detach'
src.c:(.text+0x59): undefined reference to `pthread_join'
src.c:(.text+0x6d): undefined reference to `pthread_atfork'
collect2: error: ld returned 1 exit status
CMakeFiles/cmTC_d987e.dir/build.make:86: recipe for target 'cmTC_d987e' failed
make[1]: *** [cmTC_d987e] Error 1
make[1]: Leaving directory '/home/laureano/Documents/FEUP 2019-2020/AEDA/Prática 04/aeda1920_fp04/cmake-build-debug/CMakeFiles/CMakeTmp'
Makefile:121: recipe for target 'cmTC_d987e/fast' failed
make: *** [cmTC_d987e/fast] Error 2


Source file was:
#include <pthread.h>

void* test_func(void* data)
{
  return data;
}

int main(void)
{
  pthread_t thread;
  pthread_create(&thread, NULL, test_func, NULL);
  pthread_detach(thread);
  pthread_join(thread, NULL);
  pthread_atfork(NULL, NULL, NULL);
  pthread_exit(NULL);

  return 0;
}

Determining if the function pthread_create exists in the pthreads failed with the following output:
Change Dir: /home/laureano/Documents/FEUP 2019-2020/AEDA/Prática 04/aeda1920_fp04/cmake-build-debug/CMakeFiles/CMakeTmp

Run Build Command(s):/usr/bin/make cmTC_09f6d/fast && /usr/bin/make -f CMakeFiles/cmTC_09f6d.dir/build.make CMakeFiles/cmTC_09f6d.dir/build
make[1]: Entering directory '/home/laureano/Documents/FEUP 2019-2020/AEDA/Prática 04/aeda1920_fp04/cmake-build-debug/CMakeFiles/CMakeTmp'
Building C object CMakeFiles/cmTC_09f6d.dir/CheckFunctionExists.c.o
/usr/bin/cc   -DCHECK_FUNCTION_EXISTS=pthread_create   -o CMakeFiles/cmTC_09f6d.dir/CheckFunctionExists.c.o   -c /snap/clion/88/bin/cmake/linux/share/cmake-3.15/Modules/CheckFunctionExists.c
Linking C executable cmTC_09f6d
/snap/clion/88/bin/cmake/linux/bin/cmake -E cmake_link_script CMakeFiles/cmTC_09f6d.dir/link.txt --verbose=1
/usr/bin/cc  -DCHECK_FUNCTION_EXISTS=pthread_create    -rdynamic CMakeFiles/cmTC_09f6d.dir/CheckFunctionExists.c.o  -o cmTC_09f6d -lpthreads 
/usr/bin/ld: cannot find -lpthreads
collect2: error: ld returned 1 exit status
CMakeFiles/cmTC_09f6d.dir/build.make:86: recipe for target 'cmTC_09f6d' failed
make[1]: *** [cmTC_09f6d] Error 1
make[1]: Leaving directory '/home/laureano/Documents/FEUP 2019-2020/AEDA/Prática 04/aeda1920_fp04/cmake-build-debug/CMakeFiles/CMakeTmp'
Makefile:121: recipe for target 'cmTC_09f6d/fast' failed
make: *** [cmTC_09f6d/fast] Error 2



