Performing C SOURCE FILE Test CMAKE_HAVE_LIBC_PTHREAD failed with the following output:
Change Dir: /home/laureano/Documents/FEUP 2019-2020/AEDA/Prática 06/aeda1920_fp06/cmake-build-debug/CMakeFiles/CMakeTmp

Run Build Command(s):/usr/bin/make cmTC_9708f/fast && /usr/bin/make -f CMakeFiles/cmTC_9708f.dir/build.make CMakeFiles/cmTC_9708f.dir/build
make[1]: Entering directory '/home/laureano/Documents/FEUP 2019-2020/AEDA/Prática 06/aeda1920_fp06/cmake-build-debug/CMakeFiles/CMakeTmp'
Building C object CMakeFiles/cmTC_9708f.dir/src.c.o
/usr/bin/cc   -DCMAKE_HAVE_LIBC_PTHREAD   -o CMakeFiles/cmTC_9708f.dir/src.c.o   -c "/home/laureano/Documents/FEUP 2019-2020/AEDA/Prática 06/aeda1920_fp06/cmake-build-debug/CMakeFiles/CMakeTmp/src.c"
Linking C executable cmTC_9708f
/snap/clion/92/bin/cmake/linux/bin/cmake -E cmake_link_script CMakeFiles/cmTC_9708f.dir/link.txt --verbose=1
/usr/bin/cc  -DCMAKE_HAVE_LIBC_PTHREAD    -rdynamic CMakeFiles/cmTC_9708f.dir/src.c.o  -o cmTC_9708f 
CMakeFiles/cmTC_9708f.dir/src.c.o: In function `main':
src.c:(.text+0x3c): undefined reference to `pthread_create'
src.c:(.text+0x48): undefined reference to `pthread_detach'
src.c:(.text+0x59): undefined reference to `pthread_join'
src.c:(.text+0x6d): undefined reference to `pthread_atfork'
collect2: error: ld returned 1 exit status
CMakeFiles/cmTC_9708f.dir/build.make:86: recipe for target 'cmTC_9708f' failed
make[1]: *** [cmTC_9708f] Error 1
make[1]: Leaving directory '/home/laureano/Documents/FEUP 2019-2020/AEDA/Prática 06/aeda1920_fp06/cmake-build-debug/CMakeFiles/CMakeTmp'
Makefile:121: recipe for target 'cmTC_9708f/fast' failed
make: *** [cmTC_9708f/fast] Error 2


Source file was:
#include <pthread.h>

void* test_func(void* data)
{
  return data;
}

int main(void)
{
  pthread_t thread;
  pthread_create(&thread, NULL, test_func, NULL);
  pthread_detach(thread);
  pthread_join(thread, NULL);
  pthread_atfork(NULL, NULL, NULL);
  pthread_exit(NULL);

  return 0;
}

Determining if the function pthread_create exists in the pthreads failed with the following output:
Change Dir: /home/laureano/Documents/FEUP 2019-2020/AEDA/Prática 06/aeda1920_fp06/cmake-build-debug/CMakeFiles/CMakeTmp

Run Build Command(s):/usr/bin/make cmTC_c7755/fast && /usr/bin/make -f CMakeFiles/cmTC_c7755.dir/build.make CMakeFiles/cmTC_c7755.dir/build
make[1]: Entering directory '/home/laureano/Documents/FEUP 2019-2020/AEDA/Prática 06/aeda1920_fp06/cmake-build-debug/CMakeFiles/CMakeTmp'
Building C object CMakeFiles/cmTC_c7755.dir/CheckFunctionExists.c.o
/usr/bin/cc   -DCHECK_FUNCTION_EXISTS=pthread_create   -o CMakeFiles/cmTC_c7755.dir/CheckFunctionExists.c.o   -c /snap/clion/92/bin/cmake/linux/share/cmake-3.15/Modules/CheckFunctionExists.c
Linking C executable cmTC_c7755
/snap/clion/92/bin/cmake/linux/bin/cmake -E cmake_link_script CMakeFiles/cmTC_c7755.dir/link.txt --verbose=1
/usr/bin/cc  -DCHECK_FUNCTION_EXISTS=pthread_create    -rdynamic CMakeFiles/cmTC_c7755.dir/CheckFunctionExists.c.o  -o cmTC_c7755 -lpthreads 
/usr/bin/ld: cannot find -lpthreads
collect2: error: ld returned 1 exit status
CMakeFiles/cmTC_c7755.dir/build.make:86: recipe for target 'cmTC_c7755' failed
make[1]: *** [cmTC_c7755] Error 1
make[1]: Leaving directory '/home/laureano/Documents/FEUP 2019-2020/AEDA/Prática 06/aeda1920_fp06/cmake-build-debug/CMakeFiles/CMakeTmp'
Makefile:121: recipe for target 'cmTC_c7755/fast' failed
make: *** [cmTC_c7755/fast] Error 2



